

Microchip MPLAB XC8 Assembler V2.32 build 20210201212658 
                                                                                               Mon Jun 07 05:42:55 2021

Microchip MPLAB XC8 C Compiler v2.32 (Free license) build 20210201212658 Og1 
     1                           	processor	18F45K50
     2                           	fnconf	rparam,??,?,0
     3                           	pagewidth 120
     4                           	opt	flic
     5                           	psect	smallconst,global,reloc=2,class=SMALLCONST,delta=1,noexec
     6                           	psect	cinit,global,reloc=2,class=CODE,delta=1
     7                           	psect	bssCOMRAM,global,class=COMRAM,space=1,delta=1,lowdata,noexec
     8                           	psect	cstackCOMRAM,global,class=COMRAM,space=1,delta=1,lowdata,noexec
     9                           	psect	text0,global,reloc=2,class=CODE,delta=1
    10                           	psect	text1,global,reloc=2,class=CODE,delta=1
    11                           	psect	text2,global,reloc=2,class=CODE,delta=1
    12                           	psect	intsave_regs,global,class=BIGRAM,space=1,delta=1,noexec
    13                           	psect	rparam,global,class=COMRAM,space=1,delta=1,noexec
    14                           	psect	idloc,global,abs,ovrld,class=IDLOC,space=5,delta=1,noexec
    15                           	psect	config,global,abs,ovrld,class=CONFIG,space=4,delta=1,noexec
    16  0000                     
    17                           ; Version 2.20
    18                           ; Generated 05/05/2020 GMT
    19                           ; 
    20                           ; Copyright © 2020, Microchip Technology Inc. and its subsidiaries ("Microchip")
    21                           ; All rights reserved.
    22                           ; 
    23                           ; This software is developed by Microchip Technology Inc. and its subsidiaries ("Microch
      +                          ip").
    24                           ; 
    25                           ; Redistribution and use in source and binary forms, with or without modification, are
    26                           ; permitted provided that the following conditions are met:
    27                           ; 
    28                           ;     1. Redistributions of source code must retain the above copyright notice, this lis
      +                          t of
    29                           ;        conditions and the following disclaimer.
    30                           ; 
    31                           ;     2. Redistributions in binary form must reproduce the above copyright notice, this 
      +                          list
    32                           ;        of conditions and the following disclaimer in the documentation and/or other
    33                           ;        materials provided with the distribution.
    34                           ; 
    35                           ;     3. Microchip's name may not be used to endorse or promote products derived from th
      +                          is
    36                           ;        software without specific prior written permission.
    37                           ; 
    38                           ; THIS SOFTWARE IS PROVIDED BY MICROCHIP "AS IS" AND ANY EXPRESS OR IMPLIED WARRANTIES,
    39                           ; INCLUDING, BUT NOT LIMITED TO, THE IMPLIED WARRANTIES OF MERCHANTABILITY AND FITNESS F
      +                          OR
    40                           ; PURPOSE ARE DISCLAIMED.  IN NO EVENT SHALL MICROCHIP BE LIABLE FOR ANY DIRECT, INDIREC
      +                          T,
    41                           ; INCIDENTAL, SPECIAL, EXEMPLARY, OR CONSEQUENTIAL DAMAGES (INCLUDING BUT NOT LIMITED TO
    42                           ; PROCUREMENT OF SUBSTITUTE GOODS OR SERVICES; LOSS OF USE, DATA OR PROFITS; OR BUSINESS
    43                           ; INTERRUPTION) HOWSOEVER CAUSED AND ON ANY THEORY OF LIABILITY, WHETHER IN CONTRACT, ST
      +                          RICT
    44                           ; LIABILITY, OR TORT (INCLUDING NEGLIGENCE OR OTHERWISE) ARISING IN ANY WAY OUT OF THE U
      +                          SE OF
    45                           ; THIS SOFTWARE, EVEN IF ADVISED OF THE POSSIBILITY OF SUCH DAMAGE.
    46                           ; 
    47                           ; 
    48                           ; Code-generator required, PIC18F45K50 Definitions
    49                           ; 
    50                           ; SFR Addresses
    51  0000                     
    52                           	psect	smallconst
    53  000800                     __psmallconst:
    54                           	callstack 0
    55  000800  00                 	db	0
    56  000801  0000               	dw	0
    57  000803  0000               	dw	0
    58  000805  CFDC               	dw	53212
    59  000807  35D1               	dw	13777
    60  000809                     __end_of_dp_l:
    61                           	callstack 0
    62  000809  0000               	dw	0
    63  00080B  0000               	dw	0
    64  00080D  C000               	dw	49152
    65  00080F  3F15               	dw	16149
    66  000811                     __end_of_dp_h:
    67                           	callstack 0
    68  000811  4260               	dw	16992
    69  000813  0DA2               	dw	3490
    70  000815                     __end_of_tiny@sqrtf$F753:
    71                           	callstack 0
    72  000815  A570               	dw	42352
    73  000817  36EC               	dw	14060
    74  000819                     __end_of_ivln2_l:
    75                           	callstack 0
    76  000819  AA3B               	dw	43579
    77  00081B  3FB8               	dw	16312
    78  00081D                     __end_of_ivln2:
    79                           	callstack 0
    80  00081D  384F               	dw	14415
    81  00081F  3F76               	dw	16246
    82  000821                     __end_of_cp:
    83                           	callstack 0
    84  000821  AA3C               	dw	43580
    85  000823  3338               	dw	13112
    86  000825                     __end_of_ovt:
    87                           	callstack 0
    88  000825  BE8C               	dw	48780
    89  000827  35BF               	dw	13759
    90  000829                     __end_of_lg2_l:
    91                           	callstack 0
    92  000829  7200               	dw	29184
    93  00082B  3F31               	dw	16177
    94  00082D                     __end_of_lg2_h:
    95                           	callstack 0
    96  00082D  7218               	dw	29208
    97  00082F  3F31               	dw	16177
    98  000831                     __end_of_lg2:
    99                           	callstack 0
   100  000831  BB4C               	dw	47948
   101  000833  3331               	dw	13105
   102  000835                     __end_of_P5:
   103                           	callstack 0
   104  000835  EA0E               	dw	59918
   105  000837  B5DD               	dw	46557
   106  000839                     __end_of_P4:
   107                           	callstack 0
   108  000839  B355               	dw	45909
   109  00083B  388A               	dw	14474
   110  00083D                     __end_of_P3:
   111                           	callstack 0
   112  00083D  0B61               	dw	2913
   113  00083F  BB36               	dw	47926
   114  000841                     __end_of_P2:
   115                           	callstack 0
   116  000841  AAAB               	dw	43691
   117  000843  3E2A               	dw	15914
   118  000845                     __end_of_P1:
   119                           	callstack 0
   120  000845  F142               	dw	61762
   121  000847  3E53               	dw	15955
   122  000849                     __end_of_L6:
   123                           	callstack 0
   124  000849  3255               	dw	12885
   125  00084B  3E6C               	dw	15980
   126  00084D                     __end_of_L5:
   127                           	callstack 0
   128  00084D  A305               	dw	41733
   129  00084F  3E8B               	dw	16011
   130  000851                     __end_of_L4:
   131                           	callstack 0
   132  000851  AAAB               	dw	43691
   133  000853  3EAA               	dw	16042
   134  000855                     __end_of_L3:
   135                           	callstack 0
   136  000855  6DB7               	dw	28087
   137  000857  3EDB               	dw	16091
   138  000859                     __end_of_L2:
   139                           	callstack 0
   140  000859  999A               	dw	39322
   141  00085B  3F19               	dw	16153
   142  00085D                     __end_of_L1:
   143                           	callstack 0
   144  00085D  4260               	dw	16992
   145  00085F  0DA2               	dw	3490
   146  000861                     __end_of_tiny:
   147                           	callstack 0
   148  000861  F2CA               	dw	62154
   149  000863  7149               	dw	29001
   150  000865                     __end_of_huge:
   151                           	callstack 0
   152  000865  0000               	dw	0
   153  000867  4B80               	dw	19328
   154  000869                     __end_of_two24:
   155                           	callstack 0
   156  000869  0000               	dw	0
   157  00086B  3F80               	dw	16256
   158  00086D  0000               	dw	0
   159  00086F  3FC0               	dw	16320
   160  000871                     __end_of_bp:
   161                           	callstack 0
   162  000871  AA00               	dw	43520
   163  000873  3FB8               	dw	16312
   164  000875                     __end_of_ivln2_h:
   165                           	callstack 0
   166  000875  23C6               	dw	9158
   167  000877  B8F6               	dw	47350
   168  000879                     __end_of_cp_l:
   169                           	callstack 0
   170  000879  4000               	dw	16384
   171  00087B  3F76               	dw	16246
   172  00087D                     __end_of_cp_h:
   173                           	callstack 0
   174  0000                     _ANSELD	set	3934
   175  0000                     _ANSELB	set	3932
   176  0000                     _ANSELA	set	3931
   177  0000                     _LATB	set	3978
   178  0000                     _PORTAbits	set	3968
   179  0000                     _LATAbits	set	3977
   180  0000                     _OSCCON	set	4051
   181  0000                     _TRISD	set	3989
   182  0000                     _TRISB	set	3987
   183  0000                     _TRISA	set	3986
   184  0000                     _LATD	set	3980
   185  00087D  00                 	db	0
   186  00087E  00                 	db	0	; dummy byte at the end
   187  0000                     
   188                           ; #config settings
   189                           
   190                           	psect	cinit
   191  000CCA                     __pcinit:
   192                           	callstack 0
   193  000CCA                     start_initialization:
   194                           	callstack 0
   195  000CCA                     __initialization:
   196                           	callstack 0
   197                           
   198                           ; Clear objects allocated to COMRAM (6 bytes)
   199  000CCA  6A06               	clrf	(__pbssCOMRAM+5)& (0+255),c
   200  000CCC  6A05               	clrf	(__pbssCOMRAM+4)& (0+255),c
   201  000CCE  6A04               	clrf	(__pbssCOMRAM+3)& (0+255),c
   202  000CD0  6A03               	clrf	(__pbssCOMRAM+2)& (0+255),c
   203  000CD2  6A02               	clrf	(__pbssCOMRAM+1)& (0+255),c
   204  000CD4  6A01               	clrf	__pbssCOMRAM& (0+255),c
   205  000CD6                     end_of_initialization:
   206                           	callstack 0
   207  000CD6                     __end_of__initialization:
   208                           	callstack 0
   209  000CD6  0E00               	movlw	low (__Lsmallconst shr (0+16))
   210  000CD8  6EF8               	movwf	tblptru,c
   211  000CDA  0E08               	movlw	high __Lsmallconst
   212  000CDC  6EF7               	movwf	tblptrh,c
   213  000CDE  0100               	movlb	0
   214  000CE0  EF7E  F005         	goto	_main	;jump to C main() function
   215                           
   216                           	psect	bssCOMRAM
   217  000001                     __pbssCOMRAM:
   218                           	callstack 0
   219  000001                     	ds	4
   220  000005                     _errno:
   221                           	callstack 0
   222  000005                     	ds	2
   223                           
   224                           	psect	cstackCOMRAM
   225  000007                     __pcstackCOMRAM:
   226                           	callstack 0
   227  000007                     ??_key_scanner:
   228  000007                     
   229                           ; 1 bytes @ 0x0
   230  000007                     	ds	1
   231  000008                     main@key:
   232                           	callstack 0
   233                           
   234                           ; 1 bytes @ 0x1
   235  000008                     	ds	1
   236                           
   237 ;;
   238 ;;Main: autosize = 0, tempsize = 0, incstack = 0, save=0
   239 ;;
   240 ;; *************** function _main *****************
   241 ;; Defined at:
   242 ;;		line 25 in file "newmain.c"
   243 ;; Parameters:    Size  Location     Type
   244 ;;		None
   245 ;; Auto vars:     Size  Location     Type
   246 ;;  key             1    1[COMRAM] unsigned char 
   247 ;; Return value:  Size  Location     Type
   248 ;;                  1    wreg      void 
   249 ;; Registers used:
   250 ;;		wreg, status,2, status,0, cstack
   251 ;; Tracked objects:
   252 ;;		On entry : 0/0
   253 ;;		On exit  : 0/0
   254 ;;		Unchanged: 0/0
   255 ;; Data sizes:     COMRAM   BANK0   BANK1   BANK2   BANK3   BANK4   BANK5   BANK6   BANK7
   256 ;;      Params:         0       0       0       0       0       0       0       0       0
   257 ;;      Locals:         1       0       0       0       0       0       0       0       0
   258 ;;      Temps:          0       0       0       0       0       0       0       0       0
   259 ;;      Totals:         1       0       0       0       0       0       0       0       0
   260 ;;Total ram usage:        1 bytes
   261 ;; Hardware stack levels required when called: 1
   262 ;; This function calls:
   263 ;;		_key_scanner
   264 ;;		_portsInit
   265 ;; This function is called by:
   266 ;;		Startup code after reset
   267 ;; This function uses a non-reentrant model
   268 ;;
   269                           
   270                           	psect	text0
   271  000AFC                     __ptext0:
   272                           	callstack 0
   273  000AFC                     _main:
   274                           	callstack 30
   275  000AFC                     
   276                           ;newmain.c: 28:     portsInit();
   277  000AFC  EC55  F006         	call	_portsInit	;wreg free
   278  000B00                     l37:
   279                           
   280                           ;newmain.c: 30:         char key = key_scanner();
   281  000B00  EC40  F004         	call	_key_scanner	;wreg free
   282  000B04  6E08               	movwf	main@key^0,c
   283  000B06                     
   284                           ;newmain.c: 33:         if (key==0) {
   285  000B06  5008               	movf	main@key^0,w,c
   286  000B08  A4D8               	btfss	status,2,c
   287  000B0A  EF89  F005         	goto	u171
   288  000B0E  EF8B  F005         	goto	u170
   289  000B12                     u171:
   290  000B12  EF8F  F005         	goto	l1138
   291  000B16                     u170:
   292  000B16                     
   293                           ;newmain.c: 34:             LATD = 0b11000000;
   294  000B16  0EC0               	movlw	192
   295  000B18  6E8C               	movwf	140,c	;volatile
   296                           
   297                           ;newmain.c: 35:         }
   298  000B1A  EF80  F005         	goto	l37
   299  000B1E                     l1138:
   300  000B1E  0408               	decf	main@key^0,w,c
   301  000B20  A4D8               	btfss	status,2,c
   302  000B22  EF95  F005         	goto	u181
   303  000B26  EF97  F005         	goto	u180
   304  000B2A                     u181:
   305  000B2A  EF9B  F005         	goto	l1142
   306  000B2E                     u180:
   307  000B2E                     
   308                           ;newmain.c: 37:             LATD = 0b11111001;
   309  000B2E  0EF9               	movlw	249
   310  000B30  6E8C               	movwf	140,c	;volatile
   311                           
   312                           ;newmain.c: 38:         }
   313  000B32  EF80  F005         	goto	l37
   314  000B36                     l1142:
   315  000B36  0E02               	movlw	2
   316  000B38  1808               	xorwf	main@key^0,w,c
   317  000B3A  A4D8               	btfss	status,2,c
   318  000B3C  EFA2  F005         	goto	u191
   319  000B40  EFA4  F005         	goto	u190
   320  000B44                     u191:
   321  000B44  EFA8  F005         	goto	l1146
   322  000B48                     u190:
   323  000B48                     
   324                           ;newmain.c: 40:             LATD = 0b10100100;
   325  000B48  0EA4               	movlw	164
   326  000B4A  6E8C               	movwf	140,c	;volatile
   327                           
   328                           ;newmain.c: 41:         }
   329  000B4C  EF80  F005         	goto	l37
   330  000B50                     l1146:
   331  000B50  0E03               	movlw	3
   332  000B52  1808               	xorwf	main@key^0,w,c
   333  000B54  A4D8               	btfss	status,2,c
   334  000B56  EFAF  F005         	goto	u201
   335  000B5A  EFB1  F005         	goto	u200
   336  000B5E                     u201:
   337  000B5E  EFB5  F005         	goto	l1150
   338  000B62                     u200:
   339  000B62                     
   340                           ;newmain.c: 43:             LATD = 0b10110000;
   341  000B62  0EB0               	movlw	176
   342  000B64  6E8C               	movwf	140,c	;volatile
   343                           
   344                           ;newmain.c: 44:         }
   345  000B66  EF80  F005         	goto	l37
   346  000B6A                     l1150:
   347  000B6A  0E04               	movlw	4
   348  000B6C  1808               	xorwf	main@key^0,w,c
   349  000B6E  A4D8               	btfss	status,2,c
   350  000B70  EFBC  F005         	goto	u211
   351  000B74  EFBE  F005         	goto	u210
   352  000B78                     u211:
   353  000B78  EFC2  F005         	goto	l1154
   354  000B7C                     u210:
   355  000B7C                     
   356                           ;newmain.c: 46:             LATD = 0b10011001;
   357  000B7C  0E99               	movlw	153
   358  000B7E  6E8C               	movwf	140,c	;volatile
   359                           
   360                           ;newmain.c: 47:         }
   361  000B80  EF80  F005         	goto	l37
   362  000B84                     l1154:
   363  000B84  0E05               	movlw	5
   364  000B86  1808               	xorwf	main@key^0,w,c
   365  000B88  A4D8               	btfss	status,2,c
   366  000B8A  EFC9  F005         	goto	u221
   367  000B8E  EFCB  F005         	goto	u220
   368  000B92                     u221:
   369  000B92  EFCF  F005         	goto	l1158
   370  000B96                     u220:
   371  000B96                     
   372                           ;newmain.c: 49:             LATD = 0b10010010;
   373  000B96  0E92               	movlw	146
   374  000B98  6E8C               	movwf	140,c	;volatile
   375                           
   376                           ;newmain.c: 50:         }
   377  000B9A  EF80  F005         	goto	l37
   378  000B9E                     l1158:
   379  000B9E  0E06               	movlw	6
   380  000BA0  1808               	xorwf	main@key^0,w,c
   381  000BA2  A4D8               	btfss	status,2,c
   382  000BA4  EFD6  F005         	goto	u231
   383  000BA8  EFD8  F005         	goto	u230
   384  000BAC                     u231:
   385  000BAC  EFDC  F005         	goto	l1162
   386  000BB0                     u230:
   387  000BB0                     
   388                           ;newmain.c: 52:             LATD = 0b10000010;
   389  000BB0  0E82               	movlw	130
   390  000BB2  6E8C               	movwf	140,c	;volatile
   391                           
   392                           ;newmain.c: 53:         }
   393  000BB4  EF80  F005         	goto	l37
   394  000BB8                     l1162:
   395  000BB8  0E07               	movlw	7
   396  000BBA  1808               	xorwf	main@key^0,w,c
   397  000BBC  A4D8               	btfss	status,2,c
   398  000BBE  EFE3  F005         	goto	u241
   399  000BC2  EFE5  F005         	goto	u240
   400  000BC6                     u241:
   401  000BC6  EFE9  F005         	goto	l1166
   402  000BCA                     u240:
   403  000BCA                     
   404                           ;newmain.c: 55:             LATD = 0b11111000;
   405  000BCA  0EF8               	movlw	248
   406  000BCC  6E8C               	movwf	140,c	;volatile
   407                           
   408                           ;newmain.c: 56:         }
   409  000BCE  EF80  F005         	goto	l37
   410  000BD2                     l1166:
   411  000BD2  0E08               	movlw	8
   412  000BD4  1808               	xorwf	main@key^0,w,c
   413  000BD6  A4D8               	btfss	status,2,c
   414  000BD8  EFF0  F005         	goto	u251
   415  000BDC  EFF2  F005         	goto	u250
   416  000BE0                     u251:
   417  000BE0  EFF6  F005         	goto	l1170
   418  000BE4                     u250:
   419  000BE4                     
   420                           ;newmain.c: 58:             LATD = 0b10000000;
   421  000BE4  0E80               	movlw	128
   422  000BE6  6E8C               	movwf	140,c	;volatile
   423                           
   424                           ;newmain.c: 59:         }
   425  000BE8  EF80  F005         	goto	l37
   426  000BEC                     l1170:
   427  000BEC  0E09               	movlw	9
   428  000BEE  1808               	xorwf	main@key^0,w,c
   429  000BF0  A4D8               	btfss	status,2,c
   430  000BF2  EFFD  F005         	goto	u261
   431  000BF6  EFFF  F005         	goto	u260
   432  000BFA                     u261:
   433  000BFA  EF03  F006         	goto	l1174
   434  000BFE                     u260:
   435  000BFE                     
   436                           ;newmain.c: 61:             LATD = 0b10011000;
   437  000BFE  0E98               	movlw	152
   438  000C00  6E8C               	movwf	140,c	;volatile
   439                           
   440                           ;newmain.c: 62:         }
   441  000C02  EF80  F005         	goto	l37
   442  000C06                     l1174:
   443  000C06  0E0A               	movlw	10
   444  000C08  1808               	xorwf	main@key^0,w,c
   445  000C0A  A4D8               	btfss	status,2,c
   446  000C0C  EF0A  F006         	goto	u271
   447  000C10  EF0C  F006         	goto	u270
   448  000C14                     u271:
   449  000C14  EF10  F006         	goto	l1178
   450  000C18                     u270:
   451  000C18                     
   452                           ;newmain.c: 64:             LATD = 0b10001000;
   453  000C18  0E88               	movlw	136
   454  000C1A  6E8C               	movwf	140,c	;volatile
   455                           
   456                           ;newmain.c: 65:         }
   457  000C1C  EF80  F005         	goto	l37
   458  000C20                     l1178:
   459  000C20  0E0B               	movlw	11
   460  000C22  1808               	xorwf	main@key^0,w,c
   461  000C24  A4D8               	btfss	status,2,c
   462  000C26  EF17  F006         	goto	u281
   463  000C2A  EF19  F006         	goto	u280
   464  000C2E                     u281:
   465  000C2E  EF1D  F006         	goto	l1182
   466  000C32                     u280:
   467  000C32                     
   468                           ;newmain.c: 67:             LATD = 0b10000011;
   469  000C32  0E83               	movlw	131
   470  000C34  6E8C               	movwf	140,c	;volatile
   471                           
   472                           ;newmain.c: 68:         }
   473  000C36  EF80  F005         	goto	l37
   474  000C3A                     l1182:
   475  000C3A  0E0C               	movlw	12
   476  000C3C  1808               	xorwf	main@key^0,w,c
   477  000C3E  A4D8               	btfss	status,2,c
   478  000C40  EF24  F006         	goto	u291
   479  000C44  EF26  F006         	goto	u290
   480  000C48                     u291:
   481  000C48  EF2A  F006         	goto	l1186
   482  000C4C                     u290:
   483  000C4C                     
   484                           ;newmain.c: 70:             LATD = 0b10100111;
   485  000C4C  0EA7               	movlw	167
   486  000C4E  6E8C               	movwf	140,c	;volatile
   487                           
   488                           ;newmain.c: 71:         }
   489  000C50  EF80  F005         	goto	l37
   490  000C54                     l1186:
   491  000C54  0E0D               	movlw	13
   492  000C56  1808               	xorwf	main@key^0,w,c
   493  000C58  A4D8               	btfss	status,2,c
   494  000C5A  EF31  F006         	goto	u301
   495  000C5E  EF33  F006         	goto	u300
   496  000C62                     u301:
   497  000C62  EF37  F006         	goto	l1190
   498  000C66                     u300:
   499  000C66                     
   500                           ;newmain.c: 73:             LATD = 0b10100001;
   501  000C66  0EA1               	movlw	161
   502  000C68  6E8C               	movwf	140,c	;volatile
   503                           
   504                           ;newmain.c: 74:         }
   505  000C6A  EF80  F005         	goto	l37
   506  000C6E                     l1190:
   507  000C6E  0E0E               	movlw	14
   508  000C70  1808               	xorwf	main@key^0,w,c
   509  000C72  A4D8               	btfss	status,2,c
   510  000C74  EF3E  F006         	goto	u311
   511  000C78  EF40  F006         	goto	u310
   512  000C7C                     u311:
   513  000C7C  EF44  F006         	goto	l1194
   514  000C80                     u310:
   515  000C80                     
   516                           ;newmain.c: 76:             LATD = 0b10000110;
   517  000C80  0E86               	movlw	134
   518  000C82  6E8C               	movwf	140,c	;volatile
   519                           
   520                           ;newmain.c: 77:         }
   521  000C84  EF80  F005         	goto	l37
   522  000C88                     l1194:
   523  000C88  0E0F               	movlw	15
   524  000C8A  1808               	xorwf	main@key^0,w,c
   525  000C8C  A4D8               	btfss	status,2,c
   526  000C8E  EF4B  F006         	goto	u321
   527  000C92  EF4D  F006         	goto	u320
   528  000C96                     u321:
   529  000C96  EF51  F006         	goto	l63
   530  000C9A                     u320:
   531  000C9A                     
   532                           ;newmain.c: 79:             LATD = 0b10001110;
   533  000C9A  0E8E               	movlw	142
   534  000C9C  6E8C               	movwf	140,c	;volatile
   535  000C9E  EF80  F005         	goto	l37
   536  000CA2                     l63:
   537  000CA2  EF80  F005         	goto	l37
   538  000CA6  EF00  F000         	goto	start
   539  000CAA                     __end_of_main:
   540                           	callstack 0
   541                           
   542 ;; *************** function _portsInit *****************
   543 ;; Defined at:
   544 ;;		line 92 in file "newmain.c"
   545 ;; Parameters:    Size  Location     Type
   546 ;;		None
   547 ;; Auto vars:     Size  Location     Type
   548 ;;		None
   549 ;; Return value:  Size  Location     Type
   550 ;;                  1    wreg      void 
   551 ;; Registers used:
   552 ;;		wreg, status,2
   553 ;; Tracked objects:
   554 ;;		On entry : 0/0
   555 ;;		On exit  : 0/0
   556 ;;		Unchanged: 0/0
   557 ;; Data sizes:     COMRAM   BANK0   BANK1   BANK2   BANK3   BANK4   BANK5   BANK6   BANK7
   558 ;;      Params:         0       0       0       0       0       0       0       0       0
   559 ;;      Locals:         0       0       0       0       0       0       0       0       0
   560 ;;      Temps:          0       0       0       0       0       0       0       0       0
   561 ;;      Totals:         0       0       0       0       0       0       0       0       0
   562 ;;Total ram usage:        0 bytes
   563 ;; Hardware stack levels used: 1
   564 ;; This function calls:
   565 ;;		Nothing
   566 ;; This function is called by:
   567 ;;		_main
   568 ;; This function uses a non-reentrant model
   569 ;;
   570                           
   571                           	psect	text1
   572  000CAA                     __ptext1:
   573                           	callstack 0
   574  000CAA                     _portsInit:
   575                           	callstack 30
   576  000CAA                     
   577                           ;newmain.c: 93:     ANSELA = digital;
   578  000CAA  0E00               	movlw	0
   579  000CAC  010F               	movlb	15	; () banked
   580  000CAE  6F5B               	movwf	91,b	;volatile
   581                           
   582                           ;newmain.c: 94:     TRISA = 0xF0;
   583  000CB0  0EF0               	movlw	240
   584  000CB2  6E92               	movwf	146,c	;volatile
   585                           
   586                           ;newmain.c: 95:     ANSELB = digital;
   587  000CB4  0E00               	movlw	0
   588  000CB6  6F5C               	movwf	92,b	;volatile
   589                           
   590                           ;newmain.c: 96:     TRISB = 0x00;
   591  000CB8  0E00               	movlw	0
   592  000CBA  6E93               	movwf	147,c	;volatile
   593                           
   594                           ;newmain.c: 97:     ANSELD = digital;
   595  000CBC  0E00               	movlw	0
   596  000CBE  6F5E               	movwf	94,b	;volatile
   597                           
   598                           ;newmain.c: 98:     TRISD = 0x00;
   599  000CC0  0E00               	movlw	0
   600  000CC2  6E95               	movwf	149,c	;volatile
   601                           
   602                           ;newmain.c: 99:     OSCCON = 0x74;
   603  000CC4  0E74               	movlw	116
   604  000CC6  6ED3               	movwf	211,c	;volatile
   605  000CC8                     
   606                           ; BSR set to: 15
   607  000CC8  0012               	return		;funcret
   608  000CCA                     __end_of_portsInit:
   609                           	callstack 0
   610                           
   611 ;; *************** function _key_scanner *****************
   612 ;; Defined at:
   613 ;;		line 103 in file "newmain.c"
   614 ;; Parameters:    Size  Location     Type
   615 ;;		None
   616 ;; Auto vars:     Size  Location     Type
   617 ;;		None
   618 ;; Return value:  Size  Location     Type
   619 ;;                  1    wreg      unsigned char 
   620 ;; Registers used:
   621 ;;		wreg
   622 ;; Tracked objects:
   623 ;;		On entry : 0/0
   624 ;;		On exit  : 0/0
   625 ;;		Unchanged: 0/0
   626 ;; Data sizes:     COMRAM   BANK0   BANK1   BANK2   BANK3   BANK4   BANK5   BANK6   BANK7
   627 ;;      Params:         0       0       0       0       0       0       0       0       0
   628 ;;      Locals:         0       0       0       0       0       0       0       0       0
   629 ;;      Temps:          1       0       0       0       0       0       0       0       0
   630 ;;      Totals:         1       0       0       0       0       0       0       0       0
   631 ;;Total ram usage:        1 bytes
   632 ;; Hardware stack levels used: 1
   633 ;; This function calls:
   634 ;;		Nothing
   635 ;; This function is called by:
   636 ;;		_main
   637 ;; This function uses a non-reentrant model
   638 ;;
   639                           
   640                           	psect	text2
   641  000880                     __ptext2:
   642                           	callstack 0
   643  000880                     _key_scanner:
   644                           	callstack 30
   645  000880                     
   646                           ;newmain.c: 104:     LATAbits.LA0 = 0;
   647  000880  9089               	bcf	137,0,c	;volatile
   648                           
   649                           ;newmain.c: 105:     LATAbits.LA1 = 1;
   650  000882  8289               	bsf	137,1,c	;volatile
   651                           
   652                           ;newmain.c: 106:     LATAbits.LA2 = 1;
   653  000884  8489               	bsf	137,2,c	;volatile
   654                           
   655                           ;newmain.c: 107:     LATAbits.LA3 = 1;
   656  000886  8689               	bsf	137,3,c	;volatile
   657  000888                     
   658                           ;newmain.c: 108:     _delay((unsigned long)((20)*(8000000/4000.0)));
   659  000888  0E34               	movlw	52
   660  00088A  6E07               	movwf	??_key_scanner^0,c
   661  00088C  0EF2               	movlw	242
   662  00088E                     u357:
   663  00088E  2EE8               	decfsz	wreg,f,c
   664  000890  D7FE               	bra	u357
   665  000892  2E07               	decfsz	??_key_scanner^0,f,c
   666  000894  D7FC               	bra	u357
   667  000896                     
   668                           ;newmain.c: 109:     if (PORTAbits.RA4 == 0) {_delay((unsigned long)((20)*(8000000/4000.
      +                          0))); return 1;}
   669  000896  B880               	btfsc	128,4,c	;volatile
   670  000898  EF50  F004         	goto	u11
   671  00089C  EF52  F004         	goto	u10
   672  0008A0                     u11:
   673  0008A0  EF5C  F004         	goto	l77
   674  0008A4                     u10:
   675  0008A4  0E34               	movlw	52
   676  0008A6  6E07               	movwf	??_key_scanner^0,c
   677  0008A8  0EF2               	movlw	242
   678  0008AA                     u367:
   679  0008AA  2EE8               	decfsz	wreg,f,c
   680  0008AC  D7FE               	bra	u367
   681  0008AE  2E07               	decfsz	??_key_scanner^0,f,c
   682  0008B0  D7FC               	bra	u367
   683  0008B2  0E01               	movlw	1
   684  0008B4  EF7D  F005         	goto	l78
   685  0008B8                     l77:
   686  0008B8  BA80               	btfsc	128,5,c	;volatile
   687  0008BA  EF61  F004         	goto	u21
   688  0008BE  EF63  F004         	goto	u20
   689  0008C2                     u21:
   690  0008C2  EF6D  F004         	goto	l80
   691  0008C6                     u20:
   692  0008C6  0E34               	movlw	52
   693  0008C8  6E07               	movwf	??_key_scanner^0,c
   694  0008CA  0EF2               	movlw	242
   695  0008CC                     u377:
   696  0008CC  2EE8               	decfsz	wreg,f,c
   697  0008CE  D7FE               	bra	u377
   698  0008D0  2E07               	decfsz	??_key_scanner^0,f,c
   699  0008D2  D7FC               	bra	u377
   700  0008D4  0E02               	movlw	2
   701  0008D6  EF7D  F005         	goto	l78
   702  0008DA                     l80:
   703  0008DA  BC80               	btfsc	128,6,c	;volatile
   704  0008DC  EF72  F004         	goto	u31
   705  0008E0  EF74  F004         	goto	u30
   706  0008E4                     u31:
   707  0008E4  EF7E  F004         	goto	l82
   708  0008E8                     u30:
   709  0008E8  0E34               	movlw	52
   710  0008EA  6E07               	movwf	??_key_scanner^0,c
   711  0008EC  0EF2               	movlw	242
   712  0008EE                     u387:
   713  0008EE  2EE8               	decfsz	wreg,f,c
   714  0008F0  D7FE               	bra	u387
   715  0008F2  2E07               	decfsz	??_key_scanner^0,f,c
   716  0008F4  D7FC               	bra	u387
   717  0008F6  0E03               	movlw	3
   718  0008F8  EF7D  F005         	goto	l78
   719  0008FC                     l82:
   720  0008FC  BE80               	btfsc	128,7,c	;volatile
   721  0008FE  EF83  F004         	goto	u41
   722  000902  EF85  F004         	goto	u40
   723  000906                     u41:
   724  000906  EF8F  F004         	goto	l79
   725  00090A                     u40:
   726  00090A  0E34               	movlw	52
   727  00090C  6E07               	movwf	??_key_scanner^0,c
   728  00090E  0EF2               	movlw	242
   729  000910                     u397:
   730  000910  2EE8               	decfsz	wreg,f,c
   731  000912  D7FE               	bra	u397
   732  000914  2E07               	decfsz	??_key_scanner^0,f,c
   733  000916  D7FC               	bra	u397
   734  000918  0E0A               	movlw	10
   735  00091A  EF7D  F005         	goto	l78
   736  00091E                     l79:
   737                           
   738                           ;newmain.c: 113:     LATAbits.LA0 = 1;
   739  00091E  8089               	bsf	137,0,c	;volatile
   740                           
   741                           ;newmain.c: 114:     LATAbits.LA1 = 0;
   742  000920  9289               	bcf	137,1,c	;volatile
   743                           
   744                           ;newmain.c: 115:     LATAbits.LA2 = 1;
   745  000922  8489               	bsf	137,2,c	;volatile
   746                           
   747                           ;newmain.c: 116:     LATAbits.LA3 = 1;
   748  000924  8689               	bsf	137,3,c	;volatile
   749  000926                     
   750                           ;newmain.c: 117:     _delay((unsigned long)((20)*(8000000/4000.0)));
   751  000926  0E34               	movlw	52
   752  000928  6E07               	movwf	??_key_scanner^0,c
   753  00092A  0EF2               	movlw	242
   754  00092C                     u407:
   755  00092C  2EE8               	decfsz	wreg,f,c
   756  00092E  D7FE               	bra	u407
   757  000930  2E07               	decfsz	??_key_scanner^0,f,c
   758  000932  D7FC               	bra	u407
   759  000934                     
   760                           ;newmain.c: 118:     if (PORTAbits.RA4 == 0) {_delay((unsigned long)((20)*(8000000/4000.
      +                          0))); return 4;}
   761  000934  B880               	btfsc	128,4,c	;volatile
   762  000936  EF9F  F004         	goto	u51
   763  00093A  EFA1  F004         	goto	u50
   764  00093E                     u51:
   765  00093E  EFAB  F004         	goto	l85
   766  000942                     u50:
   767  000942  0E34               	movlw	52
   768  000944  6E07               	movwf	??_key_scanner^0,c
   769  000946  0EF2               	movlw	242
   770  000948                     u417:
   771  000948  2EE8               	decfsz	wreg,f,c
   772  00094A  D7FE               	bra	u417
   773  00094C  2E07               	decfsz	??_key_scanner^0,f,c
   774  00094E  D7FC               	bra	u417
   775  000950  0E04               	movlw	4
   776  000952  EF7D  F005         	goto	l78
   777  000956                     l85:
   778  000956  BA80               	btfsc	128,5,c	;volatile
   779  000958  EFB0  F004         	goto	u61
   780  00095C  EFB2  F004         	goto	u60
   781  000960                     u61:
   782  000960  EFBC  F004         	goto	l87
   783  000964                     u60:
   784  000964  0E34               	movlw	52
   785  000966  6E07               	movwf	??_key_scanner^0,c
   786  000968  0EF2               	movlw	242
   787  00096A                     u427:
   788  00096A  2EE8               	decfsz	wreg,f,c
   789  00096C  D7FE               	bra	u427
   790  00096E  2E07               	decfsz	??_key_scanner^0,f,c
   791  000970  D7FC               	bra	u427
   792  000972  0E05               	movlw	5
   793  000974  EF7D  F005         	goto	l78
   794  000978                     l87:
   795  000978  BC80               	btfsc	128,6,c	;volatile
   796  00097A  EFC1  F004         	goto	u71
   797  00097E  EFC3  F004         	goto	u70
   798  000982                     u71:
   799  000982  EFCD  F004         	goto	l89
   800  000986                     u70:
   801  000986  0E34               	movlw	52
   802  000988  6E07               	movwf	??_key_scanner^0,c
   803  00098A  0EF2               	movlw	242
   804  00098C                     u437:
   805  00098C  2EE8               	decfsz	wreg,f,c
   806  00098E  D7FE               	bra	u437
   807  000990  2E07               	decfsz	??_key_scanner^0,f,c
   808  000992  D7FC               	bra	u437
   809  000994  0E06               	movlw	6
   810  000996  EF7D  F005         	goto	l78
   811  00099A                     l89:
   812  00099A  BE80               	btfsc	128,7,c	;volatile
   813  00099C  EFD2  F004         	goto	u81
   814  0009A0  EFD4  F004         	goto	u80
   815  0009A4                     u81:
   816  0009A4  EFDE  F004         	goto	l86
   817  0009A8                     u80:
   818  0009A8  0E34               	movlw	52
   819  0009AA  6E07               	movwf	??_key_scanner^0,c
   820  0009AC  0EF2               	movlw	242
   821  0009AE                     u447:
   822  0009AE  2EE8               	decfsz	wreg,f,c
   823  0009B0  D7FE               	bra	u447
   824  0009B2  2E07               	decfsz	??_key_scanner^0,f,c
   825  0009B4  D7FC               	bra	u447
   826  0009B6  0E0B               	movlw	11
   827  0009B8  EF7D  F005         	goto	l78
   828  0009BC                     l86:
   829                           
   830                           ;newmain.c: 122:     LATAbits.LA0 = 1;
   831  0009BC  8089               	bsf	137,0,c	;volatile
   832                           
   833                           ;newmain.c: 123:     LATAbits.LA1 = 1;
   834  0009BE  8289               	bsf	137,1,c	;volatile
   835                           
   836                           ;newmain.c: 124:     LATAbits.LA2 = 0;
   837  0009C0  9489               	bcf	137,2,c	;volatile
   838                           
   839                           ;newmain.c: 125:     LATAbits.LA3 = 1;
   840  0009C2  8689               	bsf	137,3,c	;volatile
   841  0009C4                     
   842                           ;newmain.c: 126:     _delay((unsigned long)((20)*(8000000/4000.0)));
   843  0009C4  0E34               	movlw	52
   844  0009C6  6E07               	movwf	??_key_scanner^0,c
   845  0009C8  0EF2               	movlw	242
   846  0009CA                     u457:
   847  0009CA  2EE8               	decfsz	wreg,f,c
   848  0009CC  D7FE               	bra	u457
   849  0009CE  2E07               	decfsz	??_key_scanner^0,f,c
   850  0009D0  D7FC               	bra	u457
   851  0009D2                     
   852                           ;newmain.c: 127:     if (PORTAbits.RA4 == 0) {_delay((unsigned long)((20)*(8000000/4000.
      +                          0))); return 7;}
   853  0009D2  B880               	btfsc	128,4,c	;volatile
   854  0009D4  EFEE  F004         	goto	u91
   855  0009D8  EFF0  F004         	goto	u90
   856  0009DC                     u91:
   857  0009DC  EFFA  F004         	goto	l92
   858  0009E0                     u90:
   859  0009E0  0E34               	movlw	52
   860  0009E2  6E07               	movwf	??_key_scanner^0,c
   861  0009E4  0EF2               	movlw	242
   862  0009E6                     u467:
   863  0009E6  2EE8               	decfsz	wreg,f,c
   864  0009E8  D7FE               	bra	u467
   865  0009EA  2E07               	decfsz	??_key_scanner^0,f,c
   866  0009EC  D7FC               	bra	u467
   867  0009EE  0E07               	movlw	7
   868  0009F0  EF7D  F005         	goto	l78
   869  0009F4                     l92:
   870  0009F4  BA80               	btfsc	128,5,c	;volatile
   871  0009F6  EFFF  F004         	goto	u101
   872  0009FA  EF01  F005         	goto	u100
   873  0009FE                     u101:
   874  0009FE  EF0B  F005         	goto	l94
   875  000A02                     u100:
   876  000A02  0E34               	movlw	52
   877  000A04  6E07               	movwf	??_key_scanner^0,c
   878  000A06  0EF2               	movlw	242
   879  000A08                     u477:
   880  000A08  2EE8               	decfsz	wreg,f,c
   881  000A0A  D7FE               	bra	u477
   882  000A0C  2E07               	decfsz	??_key_scanner^0,f,c
   883  000A0E  D7FC               	bra	u477
   884  000A10  0E08               	movlw	8
   885  000A12  EF7D  F005         	goto	l78
   886  000A16                     l94:
   887  000A16  BC80               	btfsc	128,6,c	;volatile
   888  000A18  EF10  F005         	goto	u111
   889  000A1C  EF12  F005         	goto	u110
   890  000A20                     u111:
   891  000A20  EF1C  F005         	goto	l96
   892  000A24                     u110:
   893  000A24  0E34               	movlw	52
   894  000A26  6E07               	movwf	??_key_scanner^0,c
   895  000A28  0EF2               	movlw	242
   896  000A2A                     u487:
   897  000A2A  2EE8               	decfsz	wreg,f,c
   898  000A2C  D7FE               	bra	u487
   899  000A2E  2E07               	decfsz	??_key_scanner^0,f,c
   900  000A30  D7FC               	bra	u487
   901  000A32  0E09               	movlw	9
   902  000A34  EF7D  F005         	goto	l78
   903  000A38                     l96:
   904  000A38  BE80               	btfsc	128,7,c	;volatile
   905  000A3A  EF21  F005         	goto	u121
   906  000A3E  EF23  F005         	goto	u120
   907  000A42                     u121:
   908  000A42  EF2D  F005         	goto	l93
   909  000A46                     u120:
   910  000A46  0E34               	movlw	52
   911  000A48  6E07               	movwf	??_key_scanner^0,c
   912  000A4A  0EF2               	movlw	242
   913  000A4C                     u497:
   914  000A4C  2EE8               	decfsz	wreg,f,c
   915  000A4E  D7FE               	bra	u497
   916  000A50  2E07               	decfsz	??_key_scanner^0,f,c
   917  000A52  D7FC               	bra	u497
   918  000A54  0E0C               	movlw	12
   919  000A56  EF7D  F005         	goto	l78
   920  000A5A                     l93:
   921                           
   922                           ;newmain.c: 131:     LATAbits.LA0 = 1;
   923  000A5A  8089               	bsf	137,0,c	;volatile
   924                           
   925                           ;newmain.c: 132:     LATAbits.LA1 = 1;
   926  000A5C  8289               	bsf	137,1,c	;volatile
   927                           
   928                           ;newmain.c: 133:     LATAbits.LA2 = 1;
   929  000A5E  8489               	bsf	137,2,c	;volatile
   930                           
   931                           ;newmain.c: 134:     LATAbits.LA3 = 0;
   932  000A60  9689               	bcf	137,3,c	;volatile
   933  000A62                     
   934                           ;newmain.c: 135:     _delay((unsigned long)((20)*(8000000/4000.0)));
   935  000A62  0E34               	movlw	52
   936  000A64  6E07               	movwf	??_key_scanner^0,c
   937  000A66  0EF2               	movlw	242
   938  000A68                     u507:
   939  000A68  2EE8               	decfsz	wreg,f,c
   940  000A6A  D7FE               	bra	u507
   941  000A6C  2E07               	decfsz	??_key_scanner^0,f,c
   942  000A6E  D7FC               	bra	u507
   943  000A70                     
   944                           ;newmain.c: 136:     if (PORTAbits.RA4 == 0) {_delay((unsigned long)((20)*(8000000/4000.
      +                          0))); return 14;}
   945  000A70  B880               	btfsc	128,4,c	;volatile
   946  000A72  EF3D  F005         	goto	u131
   947  000A76  EF3F  F005         	goto	u130
   948  000A7A                     u131:
   949  000A7A  EF49  F005         	goto	l99
   950  000A7E                     u130:
   951  000A7E  0E34               	movlw	52
   952  000A80  6E07               	movwf	??_key_scanner^0,c
   953  000A82  0EF2               	movlw	242
   954  000A84                     u517:
   955  000A84  2EE8               	decfsz	wreg,f,c
   956  000A86  D7FE               	bra	u517
   957  000A88  2E07               	decfsz	??_key_scanner^0,f,c
   958  000A8A  D7FC               	bra	u517
   959  000A8C  0E0E               	movlw	14
   960  000A8E  EF7D  F005         	goto	l78
   961  000A92                     l99:
   962  000A92  BA80               	btfsc	128,5,c	;volatile
   963  000A94  EF4E  F005         	goto	u141
   964  000A98  EF50  F005         	goto	u140
   965  000A9C                     u141:
   966  000A9C  EF5A  F005         	goto	l101
   967  000AA0                     u140:
   968  000AA0  0E34               	movlw	52
   969  000AA2  6E07               	movwf	??_key_scanner^0,c
   970  000AA4  0EF2               	movlw	242
   971  000AA6                     u527:
   972  000AA6  2EE8               	decfsz	wreg,f,c
   973  000AA8  D7FE               	bra	u527
   974  000AAA  2E07               	decfsz	??_key_scanner^0,f,c
   975  000AAC  D7FC               	bra	u527
   976  000AAE  0E00               	movlw	0
   977  000AB0  EF7D  F005         	goto	l78
   978  000AB4                     l101:
   979  000AB4  BC80               	btfsc	128,6,c	;volatile
   980  000AB6  EF5F  F005         	goto	u151
   981  000ABA  EF61  F005         	goto	u150
   982  000ABE                     u151:
   983  000ABE  EF6B  F005         	goto	l103
   984  000AC2                     u150:
   985  000AC2  0E34               	movlw	52
   986  000AC4  6E07               	movwf	??_key_scanner^0,c
   987  000AC6  0EF2               	movlw	242
   988  000AC8                     u537:
   989  000AC8  2EE8               	decfsz	wreg,f,c
   990  000ACA  D7FE               	bra	u537
   991  000ACC  2E07               	decfsz	??_key_scanner^0,f,c
   992  000ACE  D7FC               	bra	u537
   993  000AD0  0E0F               	movlw	15
   994  000AD2  EF7D  F005         	goto	l78
   995  000AD6                     l103:
   996  000AD6  BE80               	btfsc	128,7,c	;volatile
   997  000AD8  EF70  F005         	goto	u161
   998  000ADC  EF72  F005         	goto	u160
   999  000AE0                     u161:
  1000  000AE0  EF7C  F005         	goto	l1128
  1001  000AE4                     u160:
  1002  000AE4  0E34               	movlw	52
  1003  000AE6  6E07               	movwf	??_key_scanner^0,c
  1004  000AE8  0EF2               	movlw	242
  1005  000AEA                     u547:
  1006  000AEA  2EE8               	decfsz	wreg,f,c
  1007  000AEC  D7FE               	bra	u547
  1008  000AEE  2E07               	decfsz	??_key_scanner^0,f,c
  1009  000AF0  D7FC               	bra	u547
  1010  000AF2  0E0D               	movlw	13
  1011  000AF4  EF7D  F005         	goto	l78
  1012  000AF8                     l1128:
  1013  000AF8  0E78               	movlw	120
  1014  000AFA                     l78:
  1015  000AFA  0012               	return		;funcret
  1016  000AFC                     __end_of_key_scanner:
  1017                           	callstack 0
  1018                           
  1019                           	psect	rparam
  1020  0000                     
  1021                           	psect	idloc
  1022                           
  1023                           ;Config register IDLOC0 @ 0x200000
  1024                           ;	unspecified, using default values
  1025  200000                     	org	2097152
  1026  200000  FF                 	db	255
  1027                           
  1028                           ;Config register IDLOC1 @ 0x200001
  1029                           ;	unspecified, using default values
  1030  200001                     	org	2097153
  1031  200001  FF                 	db	255
  1032                           
  1033                           ;Config register IDLOC2 @ 0x200002
  1034                           ;	unspecified, using default values
  1035  200002                     	org	2097154
  1036  200002  FF                 	db	255
  1037                           
  1038                           ;Config register IDLOC3 @ 0x200003
  1039                           ;	unspecified, using default values
  1040  200003                     	org	2097155
  1041  200003  FF                 	db	255
  1042                           
  1043                           ;Config register IDLOC4 @ 0x200004
  1044                           ;	unspecified, using default values
  1045  200004                     	org	2097156
  1046  200004  FF                 	db	255
  1047                           
  1048                           ;Config register IDLOC5 @ 0x200005
  1049                           ;	unspecified, using default values
  1050  200005                     	org	2097157
  1051  200005  FF                 	db	255
  1052                           
  1053                           ;Config register IDLOC6 @ 0x200006
  1054                           ;	unspecified, using default values
  1055  200006                     	org	2097158
  1056  200006  FF                 	db	255
  1057                           
  1058                           ;Config register IDLOC7 @ 0x200007
  1059                           ;	unspecified, using default values
  1060  200007                     	org	2097159
  1061  200007  FF                 	db	255
  1062                           
  1063                           	psect	config
  1064                           
  1065                           ;Config register CONFIG1L @ 0x300000
  1066                           ;	PLL Selection
  1067                           ;	PLLSEL = PLL4X, 4x clock multiplier
  1068                           ;	PLL Enable Configuration bit
  1069                           ;	CFGPLLEN = ON, PLL Enabled
  1070                           ;	CPU System Clock Postscaler
  1071                           ;	CPUDIV = NOCLKDIV, CPU uses system clock (no divide)
  1072                           ;	Low Speed USB mode with 48 MHz system clock
  1073                           ;	LS48MHZ = SYS24X4, System clock at 24 MHz, USB clock divider is set to 4
  1074  300000                     	org	3145728
  1075  300000  02                 	db	2
  1076                           
  1077                           ;Config register CONFIG1H @ 0x300001
  1078                           ;	Oscillator Selection
  1079                           ;	FOSC = INTOSCIO, Internal oscillator
  1080                           ;	Primary Oscillator Shutdown
  1081                           ;	PCLKEN = ON, Primary oscillator enabled
  1082                           ;	Fail-Safe Clock Monitor
  1083                           ;	FCMEN = OFF, Fail-Safe Clock Monitor disabled
  1084                           ;	Internal/External Oscillator Switchover
  1085                           ;	IESO = OFF, Oscillator Switchover mode disabled
  1086  300001                     	org	3145729
  1087  300001  28                 	db	40
  1088                           
  1089                           ;Config register CONFIG2L @ 0x300002
  1090                           ;	Power-up Timer Enable
  1091                           ;	nPWRTEN = OFF, Power up timer disabled
  1092                           ;	Brown-out Reset Enable
  1093                           ;	BOREN = SBORDIS, BOR enabled in hardware (SBOREN is ignored)
  1094                           ;	Brown-out Reset Voltage
  1095                           ;	BORV = 190, BOR set to 1.9V nominal
  1096                           ;	Low-Power Brown-out Reset
  1097                           ;	nLPBOR = OFF, Low-Power Brown-out Reset disabled
  1098  300002                     	org	3145730
  1099  300002  5F                 	db	95
  1100                           
  1101                           ;Config register CONFIG2H @ 0x300003
  1102                           ;	Watchdog Timer Enable bits
  1103                           ;	WDTEN = OFF, WDT disabled in hardware (SWDTEN ignored)
  1104                           ;	Watchdog Timer Postscaler
  1105                           ;	WDTPS = 32768, 1:32768
  1106  300003                     	org	3145731
  1107  300003  3C                 	db	60
  1108                           
  1109                           ; Padding undefined space
  1110  300004                     	org	3145732
  1111  300004  FF                 	db	255
  1112                           
  1113                           ;Config register CONFIG3H @ 0x300005
  1114                           ;	CCP2 MUX bit
  1115                           ;	CCP2MX = RC1, CCP2 input/output is multiplexed with RC1
  1116                           ;	PORTB A/D Enable bit
  1117                           ;	PBADEN = OFF, PORTB<5:0> pins are configured as digital I/O on Reset
  1118                           ;	Timer3 Clock Input MUX bit
  1119                           ;	T3CMX = RC0, T3CKI function is on RC0
  1120                           ;	SDO Output MUX bit
  1121                           ;	SDOMX = RB3, SDO function is on RB3
  1122                           ;	Master Clear Reset Pin Enable
  1123                           ;	MCLRE = ON, MCLR pin enabled; RE3 input disabled
  1124  300005                     	org	3145733
  1125  300005  D1                 	db	209
  1126                           
  1127                           ;Config register CONFIG4L @ 0x300006
  1128                           ;	Stack Full/Underflow Reset
  1129                           ;	STVREN = ON, Stack full/underflow will cause Reset
  1130                           ;	Single-Supply ICSP Enable bit
  1131                           ;	LVP = ON, Single-Supply ICSP enabled if MCLRE is also 1
  1132                           ;	Dedicated In-Circuit Debug/Programming Port Enable
  1133                           ;	ICPRT = OFF, ICPORT disabled
  1134                           ;	Extended Instruction Set Enable bit
  1135                           ;	XINST = OFF, Instruction set extension and Indexed Addressing mode disabled
  1136                           ;	Background Debugger Enable bit
  1137                           ;	DEBUG = 0x1, unprogrammed default
  1138  300006                     	org	3145734
  1139  300006  85                 	db	133
  1140                           
  1141                           ; Padding undefined space
  1142  300007                     	org	3145735
  1143  300007  FF                 	db	255
  1144                           
  1145                           ;Config register CONFIG5L @ 0x300008
  1146                           ;	Block 0 Code Protect
  1147                           ;	CP0 = OFF, Block 0 is not code-protected
  1148                           ;	Block 1 Code Protect
  1149                           ;	CP1 = OFF, Block 1 is not code-protected
  1150                           ;	Block 2 Code Protect
  1151                           ;	CP2 = OFF, Block 2 is not code-protected
  1152                           ;	Block 3 Code Protect
  1153                           ;	CP3 = OFF, Block 3 is not code-protected
  1154  300008                     	org	3145736
  1155  300008  0F                 	db	15
  1156                           
  1157                           ;Config register CONFIG5H @ 0x300009
  1158                           ;	Boot Block Code Protect
  1159                           ;	CPB = OFF, Boot block is not code-protected
  1160                           ;	Data EEPROM Code Protect
  1161                           ;	CPD = OFF, Data EEPROM is not code-protected
  1162  300009                     	org	3145737
  1163  300009  C0                 	db	192
  1164                           
  1165                           ;Config register CONFIG6L @ 0x30000A
  1166                           ;	Block 0 Write Protect
  1167                           ;	WRT0 = OFF, Block 0 (0800-1FFFh) is not write-protected
  1168                           ;	Block 1 Write Protect
  1169                           ;	WRT1 = OFF, Block 1 (2000-3FFFh) is not write-protected
  1170                           ;	Block 2 Write Protect
  1171                           ;	WRT2 = OFF, Block 2 (04000-5FFFh) is not write-protected
  1172                           ;	Block 3 Write Protect
  1173                           ;	WRT3 = OFF, Block 3 (06000-7FFFh) is not write-protected
  1174  30000A                     	org	3145738
  1175  30000A  0F                 	db	15
  1176                           
  1177                           ;Config register CONFIG6H @ 0x30000B
  1178                           ;	Configuration Registers Write Protect
  1179                           ;	WRTC = OFF, Configuration registers (300000-3000FFh) are not write-protected
  1180                           ;	Boot Block Write Protect
  1181                           ;	WRTB = OFF, Boot block (0000-7FFh) is not write-protected
  1182                           ;	Data EEPROM Write Protect
  1183                           ;	WRTD = OFF, Data EEPROM is not write-protected
  1184  30000B                     	org	3145739
  1185  30000B  E0                 	db	224
  1186                           
  1187                           ;Config register CONFIG7L @ 0x30000C
  1188                           ;	Block 0 Table Read Protect
  1189                           ;	EBTR0 = OFF, Block 0 is not protected from table reads executed in other blocks
  1190                           ;	Block 1 Table Read Protect
  1191                           ;	EBTR1 = OFF, Block 1 is not protected from table reads executed in other blocks
  1192                           ;	Block 2 Table Read Protect
  1193                           ;	EBTR2 = OFF, Block 2 is not protected from table reads executed in other blocks
  1194                           ;	Block 3 Table Read Protect
  1195                           ;	EBTR3 = OFF, Block 3 is not protected from table reads executed in other blocks
  1196  30000C                     	org	3145740
  1197  30000C  0F                 	db	15
  1198                           
  1199                           ;Config register CONFIG7H @ 0x30000D
  1200                           ;	Boot Block Table Read Protect
  1201                           ;	EBTRB = OFF, Boot block is not protected from table reads executed in other blocks
  1202  30000D                     	org	3145741
  1203  30000D  40                 	db	64
  1204                           tosu	equ	0xFFF
  1205                           tosh	equ	0xFFE
  1206                           tosl	equ	0xFFD
  1207                           stkptr	equ	0xFFC
  1208                           pclatu	equ	0xFFB
  1209                           pclath	equ	0xFFA
  1210                           pcl	equ	0xFF9
  1211                           tblptru	equ	0xFF8
  1212                           tblptrh	equ	0xFF7
  1213                           tblptrl	equ	0xFF6
  1214                           tablat	equ	0xFF5
  1215                           prodh	equ	0xFF4
  1216                           prodl	equ	0xFF3
  1217                           indf0	equ	0xFEF
  1218                           postinc0	equ	0xFEE
  1219                           postdec0	equ	0xFED
  1220                           preinc0	equ	0xFEC
  1221                           plusw0	equ	0xFEB
  1222                           fsr0h	equ	0xFEA
  1223                           fsr0l	equ	0xFE9
  1224                           wreg	equ	0xFE8
  1225                           indf1	equ	0xFE7
  1226                           postinc1	equ	0xFE6
  1227                           postdec1	equ	0xFE5
  1228                           preinc1	equ	0xFE4
  1229                           plusw1	equ	0xFE3
  1230                           fsr1h	equ	0xFE2
  1231                           fsr1l	equ	0xFE1
  1232                           bsr	equ	0xFE0
  1233                           indf2	equ	0xFDF
  1234                           postinc2	equ	0xFDE
  1235                           postdec2	equ	0xFDD
  1236                           preinc2	equ	0xFDC
  1237                           plusw2	equ	0xFDB
  1238                           fsr2h	equ	0xFDA
  1239                           fsr2l	equ	0xFD9
  1240                           status	equ	0xFD8

Data Sizes:
    Strings     1
    Constant    124
    Data        0
    BSS         6
    Persistent  0
    Stack       0

Auto Spaces:
    Space          Size  Autos    Used
    COMRAM           95      2       8
    BANK0           160      0       0
    BANK1           256      0       0
    BANK2           256      0       0
    BANK3           256      0       0
    BANK4           256      0       0
    BANK5           256      0       0
    BANK6           256      0       0
    BANK7           256      0       0

Pointer List with Targets:

    None.

Critical Paths under _main in COMRAM

    _main->_key_scanner

Critical Paths under _main in BANK0

    None.

Critical Paths under _main in BANK1

    None.

Critical Paths under _main in BANK2

    None.

Critical Paths under _main in BANK3

    None.

Critical Paths under _main in BANK4

    None.

Critical Paths under _main in BANK5

    None.

Critical Paths under _main in BANK6

    None.

Critical Paths under _main in BANK7

    None.

Call Graph Tables:

 ---------------------------------------------------------------------------------
 (Depth) Function   	        Calls       Base Space   Used Autos Params    Refs
 ---------------------------------------------------------------------------------
 (0) _main                                                 1     1      0     240
                                              1 COMRAM     1     1      0
                        _key_scanner
                          _portsInit
 ---------------------------------------------------------------------------------
 (1) _portsInit                                            0     0      0       0
 ---------------------------------------------------------------------------------
 (1) _key_scanner                                          1     1      0       0
                                              0 COMRAM     1     1      0
 ---------------------------------------------------------------------------------
 Estimated maximum stack depth 1
 ---------------------------------------------------------------------------------

 Call Graph Graphs:

 _main (ROOT)
   _key_scanner
   _portsInit

 Address spaces:
Name               Size   Autos  Total    Cost      Usage
BIGRAM             7FF      0       0      21        0.0%
EEDATA             100      0       0       0        0.0%
BITBANK7           100      0       0      19        0.0%
BANK7              100      0       0      20        0.0%
BITBANK6           100      0       0      17        0.0%
BANK6              100      0       0      18        0.0%
BITBANK5           100      0       0      15        0.0%
BANK5              100      0       0      16        0.0%
BITBANK4           100      0       0      13        0.0%
BANK4              100      0       0      14        0.0%
BITBANK3           100      0       0      11        0.0%
BANK3              100      0       0      12        0.0%
BITBANK2           100      0       0       9        0.0%
BANK2              100      0       0      10        0.0%
BITBANK1           100      0       0       7        0.0%
BANK1              100      0       0       8        0.0%
BITBANK0            A0      0       0       4        0.0%
BANK0               A0      0       0       5        0.0%
BITCOMRAM           5F      0       0       0        0.0%
COMRAM              5F      2       8       1        8.4%
BITSFR_1             0      0       0     200        0.0%
SFR_1                0      0       0     200        0.0%
BITSFR               0      0       0     200        0.0%
SFR                  0      0       0     200        0.0%
STACK                0      0       0       2        0.0%
NULL                 0      0       0       0        0.0%
ABS                  0      0       8       6        0.0%
DATA                 0      0       8       3        0.0%
CODE                 0      0       0       0        0.0%


Microchip Technology PIC18 Macro Assembler V2.32 build 20210201212658 
Symbol Table                                                                                   Mon Jun 07 05:42:55 2021

                     _L1 0859                       _L2 0855                       _L3 0851  
                     _L4 084D                       _L5 0849                       _L6 0845  
                     l37 0B00                       _P1 0841                       _P2 083D  
                     l63 0CA2                       _P3 0839                       l80 08DA  
                     _P4 0835                       _P5 0831                       l82 08FC  
                     l74 0CC8                       l92 09F4                       l93 0A5A  
                     l85 0956                       l77 08B8                       l94 0A16  
                     l86 09BC                       l78 0AFA                       l87 0978  
                     l79 091E                       l96 0A38                       l89 099A  
                     l99 0A92                       u10 08A4                       u11 08A0  
                     u20 08C6                       u21 08C2                       u30 08E8  
                     u31 08E4                       u40 090A                       u41 0906  
                     u50 0942                       u51 093E                       u60 0964  
                     u61 0960                       u70 0986                       u71 0982  
                     u80 09A8                       u81 09A4                       u90 09E0  
                     u91 09DC                       _bp 0869                       _cp 081D  
                    l101 0AB4                      l103 0AD6                      u100 0A02  
                    u101 09FE                      u110 0A24                      u111 0A20  
                    u120 0A46                      u200 0B62                      u121 0A42  
                    u201 0B5E                      u130 0A7E                      u210 0B7C  
                    u131 0A7A                      u211 0B78                      u140 0AA0  
                    u300 0C66                      u220 0B96                      u141 0A9C  
                    u301 0C62                      u221 0B92                      u150 0AC2  
                    u310 0C80                      u230 0BB0                      u151 0ABE  
                    u311 0C7C                      u231 0BAC                      u160 0AE4  
                    u320 0C9A                      u240 0BCA                      u161 0AE0  
                    u321 0C96                      u241 0BC6                      u250 0BE4  
                    u170 0B16                      u251 0BE0                      u171 0B12  
                    u260 0BFE                      u180 0B2E                      u261 0BFA  
                    u181 0B2A                      u270 0C18                      u190 0B48  
                    u407 092C                      u271 0C14                      u191 0B44  
                    u280 0C32                      u417 0948                      u281 0C2E  
                    u290 0C4C                      u507 0A68                      u427 096A  
                    u291 0C48                      u517 0A84                      u437 098C  
                    u357 088E                      u527 0AA6                      u447 09AE  
                    u367 08AA                      u537 0AC8                      u457 09CA  
                    u377 08CC                      u547 0AEA                      u467 09E6  
                    u387 08EE                      u477 0A08                      u397 0910  
                    u487 0A2A                      u497 0A4C                      _lg2 082D  
                    _ovt 0821                      wreg 000FE8                     l1100 0A62  
                   l1020 0880                     l1110 0AA0                     l1102 0A70  
                   l1022 0888                     l1104 0A7E                     l1032 08C6  
                   l1024 0896                     l1122 0AE4                     l1050 0934  
                   l1026 08A4                     l1018 0CAA                     l1116 0AC2  
                   l1052 0942                     l1044 090A                     l1140 0B2E  
                   l1132 0AFC                     l1070 09A8                     l1038 08E8  
                   l1150 0B6A                     l1142 0B36                     l1134 0B06  
                   l1128 0AF8                     l1064 0986                     l1048 0926  
                   l1160 0BB0                     l1152 0B7C                     l1144 0B48  
                   l1136 0B16                     l1090 0A24                     l1074 09C4  
                   l1058 0964                     l1170 0BEC                     l1162 0BB8  
                   l1154 0B84                     l1146 0B50                     l1138 0B1E  
                   l1084 0A02                     l1076 09D2                     l1180 0C32  
                   l1172 0BFE                     l1164 0BCA                     l1156 0B96  
                   l1148 0B62                     l1078 09E0                     l1190 0C6E  
                   l1182 0C3A                     l1174 0C06                     l1166 0BD2  
                   l1158 0B9E                     l1096 0A46                     l1192 0C80  
                   l1184 0C4C                     l1176 0C18                     l1168 0BE4  
                   l1194 0C88                     l1186 0C54                     l1178 0C20  
                   l1196 0C9A                     l1188 0C66                     STR_1 087D  
                   _LATB 000F8A                     _LATD 000F8C                     _cp_h 0879  
                   _cp_l 0875                     _dp_h 0809                     _dp_l 0801  
                   _main 0AFC                     _huge 0861                     _tiny 085D  
                   start 0000             ___param_bank 000000                    ?_main 0007  
           ?_key_scanner 0007                    _TRISA 000F92                    _TRISB 000F93  
                  _TRISD 000F95                    _lg2_h 0829                    _lg2_l 0825  
                  _errno 0005                    _ivln2 0819          __end_of_ivln2_h 0875  
        __end_of_ivln2_l 0819                    _two24 0865                    status 000FD8  
        __initialization 0CCA             __end_of_cp_h 087D             __end_of_cp_l 0879  
           __end_of_dp_h 0811             __end_of_dp_l 0809             __end_of_main 0CAA  
           __end_of_huge 0865             __end_of_tiny 0861                   ??_main 0008  
          __activetblptr 000001                   _ANSELA 000F5B                   _ANSELB 000F5C  
                 _ANSELD 000F5E                   _OSCCON 000FD3                   isa$std 000001  
           __mediumconst 0000                   tblptrh 000FF7                   tblptru 000FF8  
             __accesstop 0060  __end_of__initialization 0CD6            ___rparam_used 000001  
         __pcstackCOMRAM 0007            __end_of_lg2_h 082D            __end_of_lg2_l 0829  
          __end_of_ivln2 081D            __end_of_two24 0869               __end_of_L1 085D  
             __end_of_L2 0859               __end_of_L3 0855               __end_of_L4 0851  
             __end_of_L5 084D               __end_of_L6 0849               __end_of_P1 0845  
             __end_of_P2 0841               __end_of_P3 083D               __end_of_P4 0839  
             __end_of_P5 0835               __end_of_bp 0871               __end_of_cp 0821  
   __size_of_key_scanner 027C       __size_of_portsInit 0020                  __Hparam 0000  
                __Lparam 0000             __psmallconst 0800                  __pcinit 0CCA  
                __ramtop 0800                  __ptext0 0AFC                  __ptext1 0CAA  
                __ptext2 0880                  _ivln2_h 0871                  _ivln2_l 0815  
                main@key 0008     end_of_initialization 0CD6        __end_of_portsInit 0CCA  
              _PORTAbits 000F80      start_initialization 0CCA              __end_of_lg2 0831  
            __end_of_ovt 0825          _tiny@sqrtf$F753 0811            ??_key_scanner 0007  
            __pbssCOMRAM 0001                fabsf@F465 0001              __smallconst 0800  
    __end_of_key_scanner 0AFC                 _LATAbits 000F89  __end_of_tiny@sqrtf$F753 0815  
              _portsInit 0CAA                 __Hrparam 0000                 __Lrparam 0000  
           __Lsmallconst 0800               ?_portsInit 0007              _key_scanner 0880  
          __size_of_main 01AE                 isa$xinst 000000              ??_portsInit 0007  
